  binaryoddeven.c
  function.c
  main.c
  pow.c
  reverse.c
D:\上课\C语言\c语言练习\practice_in_bit\practice_in_bit\reverse.c(6,28): warning C4267: “初始化”: 从“size_t”转换到“int”，可能丢失数据
D:\上课\C语言\c语言练习\practice_in_bit\practice_in_bit\reverse.c(17,12): warning C4267: “初始化”: 从“size_t”转换到“int”，可能丢失数据
D:\上课\C语言\c语言练习\practice_in_bit\practice_in_bit\reverse.c(36,12): warning C4133: “函数”: 从“int *”到“char *”的类型不兼容
D:\上课\C语言\c语言练习\practice_in_bit\practice_in_bit\reverse.c(36,25): warning C4133: “函数”: 从“int *”到“char *”的类型不兼容
D:\上课\C语言\c语言练习\practice_in_bit\practice_in_bit\reverse.c(40,1): warning C4029: 声明的形参表不同于定义
D:\上课\C语言\c语言练习\practice_in_bit\practice_in_bit\reverse.c(44,13): warning C4133: “函数”: 从“char *”到“int *”的类型不兼容
D:\上课\C语言\c语言练习\practice_in_bit\practice_in_bit\reverse.c(44,18): warning C4133: “函数”: 从“char *”到“int *”的类型不兼容
D:\上课\C语言\c语言练习\practice_in_bit\practice_in_bit\reverse.c(84,2): warning C4013: “gets”未定义；假设外部返回 int
  shutdown.c
  sort.c
  special_number.c
D:\上课\C语言\c语言练习\practice_in_bit\practice_in_bit\special_number.c(18,13): warning C4244: “=”: 从“double”转换到“int”，可能丢失数据
  string.c
D:\上课\C语言\c语言练习\practice_in_bit\practice_in_bit\string.c(7,8): warning C4090: “初始化”: 不同的“const”限定符
D:\上课\C语言\c语言练习\practice_in_bit\practice_in_bit\string.c(16,30): warning C4028: 形参 1 与声明不同
D:\上课\C语言\c语言练习\practice_in_bit\practice_in_bit\string.c(26,31): warning C4028: 形参 1 与声明不同
D:\上课\C语言\c语言练习\practice_in_bit\practice_in_bit\string.c(64,8): warning C4047: “初始化”:“char *”与“char”的间接级别不同
  正在生成代码...
D:\上课\C语言\c语言练习\practice_in_bit\practice_in_bit\reverse.c(135): warning C4715: “le_string”: 不是所有的控件路径都返回值
  practice_in_bit.vcxproj -> D:\上课\C语言\c语言练习\practice_in_bit\x64\Debug\practice_in_bit.exe
